<?xml version="1.0" encoding="UTF-8"?>
<testng-results skipped="0" failed="0" ignored="0" total="1" passed="1">
  <reporter-output>
  </reporter-output>
  <suite name="Default suite" duration-ms="131" started-at="2021-05-29T02:43:10 PDT" finished-at="2021-05-29T02:43:10 PDT">
    <groups>
    </groups>
    <test name="Default test" duration-ms="131" started-at="2021-05-29T02:43:10 PDT" finished-at="2021-05-29T02:43:10 PDT">
      <class name="LoginLogout">
        <test-method status="PASS" signature="login()[pri:1, instance:LoginLogout@407a7f2a]" name="login" duration-ms="17" started-at="2021-05-29T02:43:10 PDT" finished-at="2021-05-29T02:43:10 PDT">
          <reporter-output>
          </reporter-output>
        </test-method> <!-- login -->
      </class> <!-- LoginLogout -->
    </test> <!-- Default test -->
  </suite> <!-- Default suite -->
</testng-results>
